{
  "stats": {
    "suites": 1,
    "tests": 1,
    "passes": 1,
    "pending": 0,
    "failures": 0,
    "start": "2022-12-09T20:09:48.415Z",
    "end": "2022-12-09T20:09:48.704Z",
    "duration": 289,
    "testsRegistered": 1,
    "passPercent": 100,
    "pendingPercent": 0,
    "other": 0,
    "hasOther": false,
    "skipped": 0,
    "hasSkipped": false
  },
  "results": [
    {
      "uuid": "9268423a-f741-422c-823e-6b5886e0f27f",
      "title": "",
      "fullFile": "cypress\\tests\\API_tests\\04-test_updateUsers\\04-test_updateUsers.js",
      "file": "cypress\\tests\\API_tests\\04-test_updateUsers\\04-test_updateUsers.js",
      "beforeHooks": [],
      "afterHooks": [],
      "tests": [],
      "suites": [
        {
          "uuid": "b0890ad7-f87a-4bec-b7a2-5885f25b8e9c",
          "title": "Update user information",
          "fullFile": "",
          "file": "",
          "beforeHooks": [],
          "afterHooks": [],
          "tests": [
            {
              "title": "Update users information",
              "fullTitle": "Update user information Update users information",
              "timedOut": null,
              "duration": 248,
              "state": "passed",
              "speed": "fast",
              "pass": true,
              "fail": false,
              "pending": false,
              "context": null,
              "code": "_updateUsersPage.default.updateUsers(_userId.default[1], _updateUserInfo.default.name, _updateUserInfo.default.job).then(updatedUser => {\n  cy.getCurrentDate().then(date => {\n    expect(updatedUser.updatedAt).to.include(date);\n  });\n});",
              "err": {},
              "uuid": "484ff9f7-1338-492a-9516-f5ca9d6c5bef",
              "parentUUID": "b0890ad7-f87a-4bec-b7a2-5885f25b8e9c",
              "isHook": false,
              "skipped": false
            }
          ],
          "suites": [],
          "passes": [
            "484ff9f7-1338-492a-9516-f5ca9d6c5bef"
          ],
          "failures": [],
          "pending": [],
          "skipped": [],
          "duration": 248,
          "root": false,
          "rootEmpty": false,
          "_timeout": 2000
        }
      ],
      "passes": [],
      "failures": [],
      "pending": [],
      "skipped": [],
      "duration": 0,
      "root": true,
      "rootEmpty": true,
      "_timeout": 2000
    }
  ],
  "meta": {
    "mocha": {
      "version": "7.0.1"
    },
    "mochawesome": {
      "options": {
        "quiet": false,
        "reportFilename": "mochawesome",
        "saveHtml": true,
        "saveJson": true,
        "consoleReporter": "spec",
        "useInlineDiffs": false,
        "code": true
      },
      "version": "7.1.3"
    },
    "marge": {
      "options": null,
      "version": "6.2.0"
    }
  }
}